<?xml version="1.0" encoding="UTF-8"?>
<!-- Generated by org.testng.reporters.JUnitReportReporter -->
<testsuite skipped="0" hostname="DESKTOP-M2IH1P5" name="com.poi.selenium.PoiLoginWrite" tests="1" failures="0" timestamp="23 Jul 2020 09:14:24 GMT" time="50.071" errors="0">
  <testcase name="test01" time="50.071" classname="com.poi.selenium.PoiLoginWrite"/>
</testsuite> <!-- com.poi.selenium.PoiLoginWrite -->
