<?xml version="1.0" encoding="UTF-8"?>
<!-- Generated by org.testng.reporters.JUnitReportReporter -->
<testsuite skipped="0" hostname="DESKTOP-M2IH1P5" name="com.poi.selenium.LoginWithPoi" tests="1" failures="0" timestamp="23 Jul 2020 09:12:28 GMT" time="58.790" errors="0">
  <testcase name="Test02" time="58.790" classname="com.poi.selenium.LoginWithPoi"/>
</testsuite> <!-- com.poi.selenium.LoginWithPoi -->
