<?xml version="1.0" encoding="UTF-8"?>
<!-- Generated by org.testng.reporters.JUnitReportReporter -->
<testsuite skipped="0" hostname="DESKTOP-M2IH1P5" name="com.jbk.CommonReadWrite" tests="1" failures="0" timestamp="23 Jul 2020 09:09:47 GMT" time="0.630" errors="0">
  <testcase name="test01" time="0.630" classname="com.jbk.CommonReadWrite"/>
</testsuite> <!-- com.jbk.CommonReadWrite -->
