<?xml version="1.0" encoding="UTF-8"?>
<!-- Generated by org.testng.reporters.JUnitReportReporter -->
<testsuite skipped="0" hostname="DESKTOP-M2IH1P5" name="com.jbk.ApachePoiWrite" tests="1" failures="0" timestamp="21 Jul 2020 14:03:13 GMT" time="3.226" errors="0">
  <testcase name="test01" time="3.226" classname="com.jbk.ApachePoiWrite"/>
</testsuite> <!-- com.jbk.ApachePoiWrite -->
